<?xml version="1.0" encoding="UTF-8"?>
<!-- Generated by org.testng.reporters.JUnitReportReporter -->
<testsuite hostname="DESKTOP-2OJLQ0T" failures="0" tests="2" name="automation.jenkinspractice.MobileTest" time="0.002" errors="0" timestamp="2023-07-26T12:38:02 IST" skipped="0">
  <testcase classname="automation.jenkinspractice.MobileTest" name="login" time="0.002"/>
  <testcase classname="automation.jenkinspractice.MobileTest" name="logout" time="0.000"/>
</testsuite> <!-- automation.jenkinspractice.MobileTest -->
